\BOOKMARK [1][-]{section.1}{\376\377\136\163\123\360\173\200\116\313}{}% 1
\BOOKMARK [2][-]{subsection.1.1}{\376\377\142\021\116\354\166\204\117\177\124\175}{section.1}% 2
\BOOKMARK [2][-]{subsection.1.2}{\376\377\136\163\123\360\150\070\137\303\162\171\202\162}{section.1}% 3
\BOOKMARK [2][-]{subsection.1.3}{\376\377\136\163\123\360\211\206\166\326\171\321\166\356}{section.1}% 4
\BOOKMARK [1][-]{section.2}{\376\377\165\063\213\367\147\141\116\366}{}% 5
\BOOKMARK [2][-]{subsection.2.1}{\376\377\173\046\124\010\147\141\116\366\166\204\165\063\213\367\200\005}{section.2}% 6
\BOOKMARK [2][-]{subsection.2.2}{\376\377\116\015\173\046\124\010\147\141\116\366\166\204\140\305\137\142}{section.2}% 7
\BOOKMARK [1][-]{section.3}{\376\377\121\145\232\173\155\101\172\013}{}% 8
\BOOKMARK [2][-]{subsubsection.3.0.1}{\376\377\153\145\232\244\116\000\377\032\154\350\121\214\215\046\123\367}{section.3}% 9
\BOOKMARK [3][-]{subsubsection.3.0.2}{\376\377\153\145\232\244\116\214\377\032\116\012\117\040\213\244\213\301\147\120\145\231}{subsubsection.3.0.1}% 10
\BOOKMARK [3][-]{subsubsection.3.0.3}{\376\377\153\145\232\244\116\011\377\032\143\320\116\244\133\241\150\070\377\010\0001\000\040\153\041\160\271\121\373\377\011}{subsubsection.3.0.1}% 11
\BOOKMARK [3][-]{subsubsection.3.0.4}{\376\377\153\145\232\244\126\333\377\032\133\241\150\070\220\032\217\307}{subsubsection.3.0.1}% 12
\BOOKMARK [3][-]{subsubsection.3.0.5}{\376\377\153\145\232\244\116\224\377\032\137\000\131\313\143\210\213\376}{subsubsection.3.0.1}% 13
\BOOKMARK [1][-]{section.4}{\376\377\213\244\213\301\147\120\145\231\156\005\123\125}{}% 14
\BOOKMARK [2][-]{subsection.4.1}{\376\377\147\120\145\231\140\073\211\310}{section.4}% 15
\BOOKMARK [2][-]{subsection.4.2}{\376\377\143\320\232\330\220\032\217\307\163\207\166\204\136\372\213\256}{section.4}% 16
\BOOKMARK [2][-]{subsection.4.3}{\376\377\145\207\116\366\215\050\221\317\211\201\154\102}{section.4}% 17
\BOOKMARK [1][-]{section.5}{\376\377\145\066\166\312\116\016\147\103\166\312}{}% 18
\BOOKMARK [2][-]{subsection.5.1}{\376\377\145\066\121\145\213\364\146\016}{section.5}% 19
\BOOKMARK [2][-]{subsection.5.2}{\376\377\136\163\123\360\147\103\166\312}{section.5}% 20
\BOOKMARK [2][-]{subsection.5.3}{\376\377\145\066\121\145\123\302\200\003}{section.5}% 21
\BOOKMARK [1][-]{section.6}{\376\377\136\070\211\301\225\356\230\230\000\040\000F\000A\000Q}{}% 22
\BOOKMARK [2][-]{subsection.6.1}{\376\377\133\241\150\070\116\000\202\054\227\000\211\201\131\032\225\177\145\366\225\364\377\037}{section.6}% 23
\BOOKMARK [2][-]{subsection.6.2}{\376\377\210\253\142\322\176\335\124\016\217\330\200\375\221\315\145\260\165\063\213\367\124\027\377\037}{section.6}% 24
\BOOKMARK [2][-]{subsection.6.3}{\376\377\137\305\230\173\211\201\147\011\145\131\136\010\215\104\150\074\213\301\124\027\377\037}{section.6}% 25
\BOOKMARK [2][-]{subsection.6.4}{\376\377\123\357\116\345\124\014\145\366\217\205\133\374\131\032\116\052\171\321\166\356\124\027\377\037}{section.6}% 26
\BOOKMARK [2][-]{subsection.6.5}{\376\377\133\146\165\037\230\204\176\246\124\016\131\202\117\125\116\012\213\376\377\037}{section.6}% 27
\BOOKMARK [2][-]{subsection.6.6}{\376\377\136\163\123\360\117\032\142\275\142\020\124\027\377\037\145\066\215\071\150\007\121\306\146\057\116\300\116\110\377\037}{section.6}% 28
\BOOKMARK [2][-]{subsection.6.7}{\376\377\133\146\165\037\123\326\155\210\230\204\176\246\377\014\142\021\166\204\145\066\166\312\147\011\117\335\226\234\124\027\377\037}{section.6}% 29
\BOOKMARK [2][-]{subsection.6.8}{\376\377\155\167\131\026\133\374\136\010\123\357\116\345\165\063\213\367\124\027\377\037}{section.6}% 30
\BOOKMARK [1][-]{section.7}{\376\377\221\315\211\201\154\350\141\017\116\213\230\171}{}% 31
\BOOKMARK [2][-]{subsection.7.1}{\376\377\147\120\145\231\167\037\133\236\140\047}{section.7}% 32
\BOOKMARK [2][-]{subsection.7.2}{\376\377\116\052\116\272\117\341\140\157\117\335\142\244}{section.7}% 33
\BOOKMARK [2][-]{subsection.7.3}{\376\377\136\163\123\360\210\114\116\072\211\304\203\003}{section.7}% 34
\BOOKMARK [1][-]{section.8}{\376\377\200\124\174\373\142\021\116\354}{}% 35
